SignInGg/app/build/intermediates/manifest_merge_blame_file/debug/processDebugMainManifest/manifest-merger-blame-debug-report.txt
1<?xml version="1.0" encoding="utf-8"?>
2<manifest xmlns:android="http://schemas.android.com/apk/res/android"
3    package="com.example.signingg"
4    android:versionCode="1"
5    android:versionName="1.0" >
6
7    <uses-sdk
8        android:minSdkVersion="24"
9        android:targetSdkVersion="36" />
10
11    <uses-permission android:name="android.permission.INTERNET" />
11-->[com.google.firebase:firebase-auth:24.0.1] AndroidManifest.xml:25:5-67
11-->[com.google.firebase:firebase-auth:24.0.1] AndroidManifest.xml:25:22-64
12    <uses-permission android:name="android.permission.ACCESS_NETWORK_STATE" />
12-->[com.google.firebase:firebase-auth:24.0.1] AndroidManifest.xml:26:5-79
12-->[com.google.firebase:firebase-auth:24.0.1] AndroidManifest.xml:26:22-76
13    <uses-permission android:name="android.permission.WAKE_LOCK" />
13-->[com.google.android.gms:play-services-measurement:23.0.0] AndroidManifest.xml:25:5-68
13-->[com.google.android.gms:play-services-measurement:23.0.0] AndroidManifest.xml:25:22-65
14    <uses-permission android:name="com.google.android.finsky.permission.BIND_GET_INSTALL_REFERRER_SERVICE" />
14-->[com.google.android.gms:play-services-measurement:23.0.0] AndroidManifest.xml:26:5-110
14-->[com.google.android.gms:play-services-measurement:23.0.0] AndroidManifest.xml:26:22-107
15    <uses-permission android:name="com.google.android.gms.permission.AD_ID" />
15-->[com.google.android.gms:play-services-measurement-api:23.0.0] AndroidManifest.xml:25:5-79
15-->[com.google.android.gms:play-services-measurement-api:23.0.0] AndroidManifest.xml:25:22-76
16    <uses-permission android:name="android.permission.ACCESS_ADSERVICES_ATTRIBUTION" />
16-->[com.google.android.gms:play-services-measurement-api:23.0.0] AndroidManifest.xml:26:5-88
16-->[com.google.android.gms:play-services-measurement-api:23.0.0] AndroidManifest.xml:26:22-85
17    <uses-permission android:name="android.permission.ACCESS_ADSERVICES_AD_ID" />
17-->[com.google.android.gms:play-services-measurement-api:23.0.0] AndroidManifest.xml:27:5-82
17-->[com.google.android.gms:play-services-measurement-api:23.0.0] AndroidManifest.xml:27:22-79
18    <uses-permission android:name="com.google.android.providers.gsf.permission.READ_GSERVICES" />
18-->[com.google.android.recaptcha:recaptcha:18.6.1] AndroidManifest.xml:9:5-98
18-->[com.google.android.recaptcha:recaptcha:18.6.1] AndroidManifest.xml:9:22-95
19
20    <permission
20-->[androidx.core:core:1.17.0] AndroidManifest.xml:22:5-24:47
21        android:name="com.example.signingg.DYNAMIC_RECEIVER_NOT_EXPORTED_PERMISSION"
21-->[androidx.core:core:1.17.0] AndroidManifest.xml:23:9-81
22        android:protectionLevel="signature" />
22-->[androidx.core:core:1.17.0] AndroidManifest.xml:24:9-44
23
24    <uses-permission android:name="com.example.signingg.DYNAMIC_RECEIVER_NOT_EXPORTED_PERMISSION" />
24-->[androidx.core:core:1.17.0] AndroidManifest.xml:26:5-97
24-->[androidx.core:core:1.17.0] AndroidManifest.xml:26:22-94
25
26    <application
26-->src\main\AndroidManifest.xml:5:5-25:19
27        android:allowBackup="true"
27-->src\main\AndroidManifest.xml:6:9-35
28        android:appComponentFactory="androidx.core.app.CoreComponentFactory"
28-->[androidx.core:core:1.17.0] AndroidManifest.xml:28:18-86
29        android:dataExtractionRules="@xml/data_extraction_rules"
29-->src\main\AndroidManifest.xml:7:9-65
30        android:debuggable="true"
31        android:extractNativeLibs="false"
32        android:fullBackupContent="@xml/backup_rules"
32-->src\main\AndroidManifest.xml:8:9-54
33        android:icon="@mipmap/ic_launcher"
33-->src\main\AndroidManifest.xml:9:9-43
34        android:label="@string/app_name"
34-->src\main\AndroidManifest.xml:10:9-41
35        android:roundIcon="@mipmap/ic_launcher_round"
35-->src\main\AndroidManifest.xml:11:9-54
36        android:supportsRtl="true"
36-->src\main\AndroidManifest.xml:12:9-35
37        android:testOnly="true"
38        android:theme="@style/Theme.SignInGg" >
38-->src\main\AndroidManifest.xml:13:9-46
39        <activity
39-->src\main\AndroidManifest.xml:14:9-24:20
40            android:name="com.example.signingg.MainActivity"
40-->src\main\AndroidManifest.xml:15:13-41
41            android:exported="true"
41-->src\main\AndroidManifest.xml:16:13-36
42            android:label="@string/app_name"
42-->src\main\AndroidManifest.xml:17:13-45
43            android:theme="@style/Theme.SignInGg" >
43-->src\main\AndroidManifest.xml:18:13-50
44            <intent-filter>
44-->src\main\AndroidManifest.xml:19:13-23:29
45                <action android:name="android.intent.action.MAIN" />
45-->src\main\AndroidManifest.xml:20:17-69
45-->src\main\AndroidManifest.xml:20:25-66
46
47                <category android:name="android.intent.category.LAUNCHER" />
47-->src\main\AndroidManifest.xml:22:17-77
47-->src\main\AndroidManifest.xml:22:27-74
48            </intent-filter>
49        </activity>
50        <activity
50-->[androidx.compose.ui:ui-tooling-android:1.7.0] AndroidManifest.xml:23:9-25:39
51            android:name="androidx.compose.ui.tooling.PreviewActivity"
51-->[androidx.compose.ui:ui-tooling-android:1.7.0] AndroidManifest.xml:24:13-71
52            android:exported="true" />
52-->[androidx.compose.ui:ui-tooling-android:1.7.0] AndroidManifest.xml:25:13-36
53        <activity
53-->[androidx.compose.ui:ui-test-manifest:1.7.0] AndroidManifest.xml:23:9-25:39
54            android:name="androidx.activity.ComponentActivity"
54-->[androidx.compose.ui:ui-test-manifest:1.7.0] AndroidManifest.xml:24:13-63
55            android:exported="true" />
55-->[androidx.compose.ui:ui-test-manifest:1.7.0] AndroidManifest.xml:25:13-36
56        <activity
56-->[com.google.firebase:firebase-auth:24.0.1] AndroidManifest.xml:29:9-46:20
57            android:name="com.google.firebase.auth.internal.GenericIdpActivity"
57-->[com.google.firebase:firebase-auth:24.0.1] AndroidManifest.xml:30:13-80
58            android:excludeFromRecents="true"
58-->[com.google.firebase:firebase-auth:24.0.1] AndroidManifest.xml:31:13-46
59            android:exported="true"
59-->[com.google.firebase:firebase-auth:24.0.1] AndroidManifest.xml:32:13-36
60            android:launchMode="singleTask"
60-->[com.google.firebase:firebase-auth:24.0.1] AndroidManifest.xml:33:13-44
61            android:theme="@android:style/Theme.Translucent.NoTitleBar" >
61-->[com.google.firebase:firebase-auth:24.0.1] AndroidManifest.xml:34:13-72
62            <intent-filter>
62-->[com.google.firebase:firebase-auth:24.0.1] AndroidManifest.xml:35:13-45:29
63                <action android:name="android.intent.action.VIEW" />
63-->[com.google.firebase:firebase-auth:24.0.1] AndroidManifest.xml:36:17-69
63-->[com.google.firebase:firebase-auth:24.0.1] AndroidManifest.xml:36:25-66
64
65                <category android:name="android.intent.category.DEFAULT" />
65-->[com.google.firebase:firebase-auth:24.0.1] AndroidManifest.xml:38:17-76
65-->[com.google.firebase:firebase-auth:24.0.1] AndroidManifest.xml:38:27-73
66                <category android:name="android.intent.category.BROWSABLE" />
66-->[com.google.firebase:firebase-auth:24.0.1] AndroidManifest.xml:39:17-78
66-->[com.google.firebase:firebase-auth:24.0.1] AndroidManifest.xml:39:27-75
67
68                <data
68-->[com.google.firebase:firebase-auth:24.0.1] AndroidManifest.xml:41:17-44:51
69                    android:host="firebase.auth"
69-->[com.google.firebase:firebase-auth:24.0.1] AndroidManifest.xml:42:21-49
70                    android:path="/"
70-->[com.google.firebase:firebase-auth:24.0.1] AndroidManifest.xml:43:21-37
71                    android:scheme="genericidp" />
71-->[com.google.firebase:firebase-auth:24.0.1] AndroidManifest.xml:44:21-48
72            </intent-filter>
73        </activity>
74        <activity
74-->[com.google.firebase:firebase-auth:24.0.1] AndroidManifest.xml:47:9-64:20
75            android:name="com.google.firebase.auth.internal.RecaptchaActivity"
75-->[com.google.firebase:firebase-auth:24.0.1] AndroidManifest.xml:48:13-79
76            android:excludeFromRecents="true"
76-->[com.google.firebase:firebase-auth:24.0.1] AndroidManifest.xml:49:13-46
77            android:exported="true"
77-->[com.google.firebase:firebase-auth:24.0.1] AndroidManifest.xml:50:13-36
78            android:launchMode="singleTask"
78-->[com.google.firebase:firebase-auth:24.0.1] AndroidManifest.xml:51:13-44
79            android:theme="@android:style/Theme.Translucent.NoTitleBar" >
79-->[com.google.firebase:firebase-auth:24.0.1] AndroidManifest.xml:52:13-72
80            <intent-filter>
80-->[com.google.firebase:firebase-auth:24.0.1] AndroidManifest.xml:53:13-63:29
81                <action android:name="android.intent.action.VIEW" />
81-->[com.google.firebase:firebase-auth:24.0.1] AndroidManifest.xml:36:17-69
81-->[com.google.firebase:firebase-auth:24.0.1] AndroidManifest.xml:36:25-66
82
83                <category android:name="android.intent.category.DEFAULT" />
83-->[com.google.firebase:firebase-auth:24.0.1] AndroidManifest.xml:38:17-76
83-->[com.google.firebase:firebase-auth:24.0.1] AndroidManifest.xml:38:27-73
84                <category android:name="android.intent.category.BROWSABLE" />
84-->[com.google.firebase:firebase-auth:24.0.1] AndroidManifest.xml:39:17-78
84-->[com.google.firebase:firebase-auth:24.0.1] AndroidManifest.xml:39:27-75
85
86                <data
86-->[com.google.firebase:firebase-auth:24.0.1] AndroidManifest.xml:41:17-44:51
87                    android:host="firebase.auth"
87-->[com.google.firebase:firebase-auth:24.0.1] AndroidManifest.xml:42:21-49
88                    android:path="/"
88-->[com.google.firebase:firebase-auth:24.0.1] AndroidManifest.xml:43:21-37
89                    android:scheme="recaptcha" />
89-->[com.google.firebase:firebase-auth:24.0.1] AndroidManifest.xml:44:21-48
90            </intent-filter>
91        </activity>
92
93        <service
93-->[com.google.firebase:firebase-auth:24.0.1] AndroidManifest.xml:66:9-72:19
94            android:name="com.google.firebase.components.ComponentDiscoveryService"
94-->[com.google.firebase:firebase-auth:24.0.1] AndroidManifest.xml:67:13-84
95            android:directBootAware="true"
95-->[com.google.firebase:firebase-common:22.0.1] AndroidManifest.xml:32:13-43
96            android:exported="false" >
96-->[com.google.firebase:firebase-auth:24.0.1] AndroidManifest.xml:68:13-37
97            <meta-data
97-->[com.google.firebase:firebase-auth:24.0.1] AndroidManifest.xml:69:13-71:85
98                android:name="com.google.firebase.components:com.google.firebase.auth.FirebaseAuthRegistrar"
98-->[com.google.firebase:firebase-auth:24.0.1] AndroidManifest.xml:70:17-109
99                android:value="com.google.firebase.components.ComponentRegistrar" />
99-->[com.google.firebase:firebase-auth:24.0.1] AndroidManifest.xml:71:17-82
100            <meta-data
100-->[com.google.android.gms:play-services-measurement-api:23.0.0] AndroidManifest.xml:33:13-35:85
101                android:name="com.google.firebase.components:com.google.firebase.analytics.connector.internal.AnalyticsConnectorRegistrar"
101-->[com.google.android.gms:play-services-measurement-api:23.0.0] AndroidManifest.xml:34:17-139
102                android:value="com.google.firebase.components.ComponentRegistrar" />
102-->[com.google.android.gms:play-services-measurement-api:23.0.0] AndroidManifest.xml:35:17-82
103            <meta-data
103-->[com.google.firebase:firebase-installations:19.0.1] AndroidManifest.xml:15:13-17:85
104                android:name="com.google.firebase.components:com.google.firebase.installations.FirebaseInstallationsKtxRegistrar"
104-->[com.google.firebase:firebase-installations:19.0.1] AndroidManifest.xml:16:17-130
105                android:value="com.google.firebase.components.ComponentRegistrar" />
105-->[com.google.firebase:firebase-installations:19.0.1] AndroidManifest.xml:17:17-82
106            <meta-data
106-->[com.google.firebase:firebase-installations:19.0.1] AndroidManifest.xml:18:13-20:85
107                android:name="com.google.firebase.components:com.google.firebase.installations.FirebaseInstallationsRegistrar"
107-->[com.google.firebase:firebase-installations:19.0.1] AndroidManifest.xml:19:17-127
108                android:value="com.google.firebase.components.ComponentRegistrar" />
108-->[com.google.firebase:firebase-installations:19.0.1] AndroidManifest.xml:20:17-82
109            <meta-data
109-->[com.google.firebase:firebase-common:22.0.1] AndroidManifest.xml:35:13-37:85
110                android:name="com.google.firebase.components:com.google.firebase.FirebaseCommonKtxRegistrar"
110-->[com.google.firebase:firebase-common:22.0.1] AndroidManifest.xml:36:17-109
111                android:value="com.google.firebase.components.ComponentRegistrar" />
111-->[com.google.firebase:firebase-common:22.0.1] AndroidManifest.xml:37:17-82
112        </service>
113        <service
113-->[androidx.credentials:credentials-play-services-auth:1.2.0-rc01] AndroidManifest.xml:24:9-32:19
114            android:name="androidx.credentials.playservices.CredentialProviderMetadataHolder"
114-->[androidx.credentials:credentials-play-services-auth:1.2.0-rc01] AndroidManifest.xml:25:13-94
115            android:enabled="true"
115-->[androidx.credentials:credentials-play-services-auth:1.2.0-rc01] AndroidManifest.xml:26:13-35
116            android:exported="false" >
116-->[androidx.credentials:credentials-play-services-auth:1.2.0-rc01] AndroidManifest.xml:27:13-37
117            <meta-data
117-->[androidx.credentials:credentials-play-services-auth:1.2.0-rc01] AndroidManifest.xml:29:13-31:104
118                android:name="androidx.credentials.CREDENTIAL_PROVIDER_KEY"
118-->[androidx.credentials:credentials-play-services-auth:1.2.0-rc01] AndroidManifest.xml:30:17-76
119                android:value="androidx.credentials.playservices.CredentialProviderPlayServicesImpl" />
119-->[androidx.credentials:credentials-play-services-auth:1.2.0-rc01] AndroidManifest.xml:31:17-101
120        </service>
121
122        <activity
122-->[androidx.credentials:credentials-play-services-auth:1.2.0-rc01] AndroidManifest.xml:34:9-41:20
123            android:name="androidx.credentials.playservices.HiddenActivity"
123-->[androidx.credentials:credentials-play-services-auth:1.2.0-rc01] AndroidManifest.xml:35:13-76
124            android:configChanges="orientation|screenSize|screenLayout|keyboardHidden"
124-->[androidx.credentials:credentials-play-services-auth:1.2.0-rc01] AndroidManifest.xml:36:13-87
125            android:enabled="true"
125-->[androidx.credentials:credentials-play-services-auth:1.2.0-rc01] AndroidManifest.xml:37:13-35
126            android:exported="false"
126-->[androidx.credentials:credentials-play-services-auth:1.2.0-rc01] AndroidManifest.xml:38:13-37
127            android:fitsSystemWindows="true"
127-->[androidx.credentials:credentials-play-services-auth:1.2.0-rc01] AndroidManifest.xml:39:13-45
128            android:theme="@style/Theme.Hidden" >
128-->[androidx.credentials:credentials-play-services-auth:1.2.0-rc01] AndroidManifest.xml:40:13-48
129        </activity>
130        <activity
130-->[com.google.android.gms:play-services-auth:21.0.0] AndroidManifest.xml:23:9-27:75
131            android:name="com.google.android.gms.auth.api.signin.internal.SignInHubActivity"
131-->[com.google.android.gms:play-services-auth:21.0.0] AndroidManifest.xml:24:13-93
132            android:excludeFromRecents="true"
132-->[com.google.android.gms:play-services-auth:21.0.0] AndroidManifest.xml:25:13-46
133            android:exported="false"
133-->[com.google.android.gms:play-services-auth:21.0.0] AndroidManifest.xml:26:13-37
134            android:theme="@android:style/Theme.Translucent.NoTitleBar" />
134-->[com.google.android.gms:play-services-auth:21.0.0] AndroidManifest.xml:27:13-72
135        <!--
136            Service handling Google Sign-In user revocation. For apps that do not integrate with
137            Google Sign-In, this service will never be started.
138        -->
139        <service
139-->[com.google.android.gms:play-services-auth:21.0.0] AndroidManifest.xml:33:9-37:51
140            android:name="com.google.android.gms.auth.api.signin.RevocationBoundService"
140-->[com.google.android.gms:play-services-auth:21.0.0] AndroidManifest.xml:34:13-89
141            android:exported="true"
141-->[com.google.android.gms:play-services-auth:21.0.0] AndroidManifest.xml:35:13-36
142            android:permission="com.google.android.gms.auth.api.signin.permission.REVOCATION_NOTIFICATION"
142-->[com.google.android.gms:play-services-auth:21.0.0] AndroidManifest.xml:36:13-107
143            android:visibleToInstantApps="true" />
143-->[com.google.android.gms:play-services-auth:21.0.0] AndroidManifest.xml:37:13-48
144
145        <receiver
145-->[com.google.android.gms:play-services-measurement:23.0.0] AndroidManifest.xml:29:9-33:20
146            android:name="com.google.android.gms.measurement.AppMeasurementReceiver"
146-->[com.google.android.gms:play-services-measurement:23.0.0] AndroidManifest.xml:30:13-85
147            android:enabled="true"
147-->[com.google.android.gms:play-services-measurement:23.0.0] AndroidManifest.xml:31:13-35
148            android:exported="false" >
148-->[com.google.android.gms:play-services-measurement:23.0.0] AndroidManifest.xml:32:13-37
149        </receiver>
150
151        <service
151-->[com.google.android.gms:play-services-measurement:23.0.0] AndroidManifest.xml:35:9-38:40
152            android:name="com.google.android.gms.measurement.AppMeasurementService"
152-->[com.google.android.gms:play-services-measurement:23.0.0] AndroidManifest.xml:36:13-84
153            android:enabled="true"
153-->[com.google.android.gms:play-services-measurement:23.0.0] AndroidManifest.xml:37:13-35
154            android:exported="false" />
154-->[com.google.android.gms:play-services-measurement:23.0.0] AndroidManifest.xml:38:13-37
155        <service
155-->[com.google.android.gms:play-services-measurement:23.0.0] AndroidManifest.xml:39:9-43:72
156            android:name="com.google.android.gms.measurement.AppMeasurementJobService"
156-->[com.google.android.gms:play-services-measurement:23.0.0] AndroidManifest.xml:40:13-87
157            android:enabled="true"
157-->[com.google.android.gms:play-services-measurement:23.0.0] AndroidManifest.xml:41:13-35
158            android:exported="false"
158-->[com.google.android.gms:play-services-measurement:23.0.0] AndroidManifest.xml:42:13-37
159            android:permission="android.permission.BIND_JOB_SERVICE" />
159-->[com.google.android.gms:play-services-measurement:23.0.0] AndroidManifest.xml:43:13-69
160
161        <provider
161-->[com.google.firebase:firebase-common:22.0.1] AndroidManifest.xml:23:9-28:39
162            android:name="com.google.firebase.provider.FirebaseInitProvider"
162-->[com.google.firebase:firebase-common:22.0.1] AndroidManifest.xml:24:13-77
163            android:authorities="com.example.signingg.firebaseinitprovider"
163-->[com.google.firebase:firebase-common:22.0.1] AndroidManifest.xml:25:13-72
164            android:directBootAware="true"
164-->[com.google.firebase:firebase-common:22.0.1] AndroidManifest.xml:26:13-43
165            android:exported="false"
165-->[com.google.firebase:firebase-common:22.0.1] AndroidManifest.xml:27:13-37
166            android:initOrder="100" />
166-->[com.google.firebase:firebase-common:22.0.1] AndroidManifest.xml:28:13-36
167
168        <activity
168-->[com.google.android.gms:play-services-base:18.5.0] AndroidManifest.xml:5:9-173
169            android:name="com.google.android.gms.common.api.GoogleApiActivity"
169-->[com.google.android.gms:play-services-base:18.5.0] AndroidManifest.xml:5:19-85
170            android:exported="false"
170-->[com.google.android.gms:play-services-base:18.5.0] AndroidManifest.xml:5:146-170
171            android:theme="@android:style/Theme.Translucent.NoTitleBar" />
171-->[com.google.android.gms:play-services-base:18.5.0] AndroidManifest.xml:5:86-145
172
173        <provider
173-->[androidx.emoji2:emoji2:1.3.0] AndroidManifest.xml:24:9-32:20
174            android:name="androidx.startup.InitializationProvider"
174-->[androidx.emoji2:emoji2:1.3.0] AndroidManifest.xml:25:13-67
175            android:authorities="com.example.signingg.androidx-startup"
175-->[androidx.emoji2:emoji2:1.3.0] AndroidManifest.xml:26:13-68
176            android:exported="false" >
176-->[androidx.emoji2:emoji2:1.3.0] AndroidManifest.xml:27:13-37
177            <meta-data
177-->[androidx.emoji2:emoji2:1.3.0] AndroidManifest.xml:29:13-31:52
178                android:name="androidx.emoji2.text.EmojiCompatInitializer"
178-->[androidx.emoji2:emoji2:1.3.0] AndroidManifest.xml:30:17-75
179                android:value="androidx.startup" />
179-->[androidx.emoji2:emoji2:1.3.0] AndroidManifest.xml:31:17-49
180            <meta-data
180-->[androidx.lifecycle:lifecycle-process:2.9.4] AndroidManifest.xml:29:13-31:52
181                android:name="androidx.lifecycle.ProcessLifecycleInitializer"
181-->[androidx.lifecycle:lifecycle-process:2.9.4] AndroidManifest.xml:30:17-78
182                android:value="androidx.startup" />
182-->[androidx.lifecycle:lifecycle-process:2.9.4] AndroidManifest.xml:31:17-49
183            <meta-data
183-->[androidx.profileinstaller:profileinstaller:1.4.0] AndroidManifest.xml:29:13-31:52
184                android:name="androidx.profileinstaller.ProfileInstallerInitializer"
184-->[androidx.profileinstaller:profileinstaller:1.4.0] AndroidManifest.xml:30:17-85
185                android:value="androidx.startup" />
185-->[androidx.profileinstaller:profileinstaller:1.4.0] AndroidManifest.xml:31:17-49
186        </provider>
187
188        <uses-library
188-->[androidx.privacysandbox.ads:ads-adservices:1.1.0-beta11] AndroidManifest.xml:23:9-25:40
189            android:name="android.ext.adservices"
189-->[androidx.privacysandbox.ads:ads-adservices:1.1.0-beta11] AndroidManifest.xml:24:13-50
190            android:required="false" />
190-->[androidx.privacysandbox.ads:ads-adservices:1.1.0-beta11] AndroidManifest.xml:25:13-37
191
192        <meta-data
192-->[com.google.android.gms:play-services-basement:18.5.0] AndroidManifest.xml:21:9-23:69
193            android:name="com.google.android.gms.version"
193-->[com.google.android.gms:play-services-basement:18.5.0] AndroidManifest.xml:22:13-58
194            android:value="@integer/google_play_services_version" />
194-->[com.google.android.gms:play-services-basement:18.5.0] AndroidManifest.xml:23:13-66
195
196        <receiver
196-->[androidx.profileinstaller:profileinstaller:1.4.0] AndroidManifest.xml:34:9-52:20
197            android:name="androidx.profileinstaller.ProfileInstallReceiver"
197-->[androidx.profileinstaller:profileinstaller:1.4.0] AndroidManifest.xml:35:13-76
198            android:directBootAware="false"
198-->[androidx.profileinstaller:profileinstaller:1.4.0] AndroidManifest.xml:36:13-44
199            android:enabled="true"
199-->[androidx.profileinstaller:profileinstaller:1.4.0] AndroidManifest.xml:37:13-35
200            android:exported="true"
200-->[androidx.profileinstaller:profileinstaller:1.4.0] AndroidManifest.xml:38:13-36
201            android:permission="android.permission.DUMP" >
201-->[androidx.profileinstaller:profileinstaller:1.4.0] AndroidManifest.xml:39:13-57
202            <intent-filter>
202-->[androidx.profileinstaller:profileinstaller:1.4.0] AndroidManifest.xml:40:13-42:29
203                <action android:name="androidx.profileinstaller.action.INSTALL_PROFILE" />
203-->[androidx.profileinstaller:profileinstaller:1.4.0] AndroidManifest.xml:41:17-91
203-->[androidx.profileinstaller:profileinstaller:1.4.0] AndroidManifest.xml:41:25-88
204            </intent-filter>
205            <intent-filter>
205-->[androidx.profileinstaller:profileinstaller:1.4.0] AndroidManifest.xml:43:13-45:29
206                <action android:name="androidx.profileinstaller.action.SKIP_FILE" />
206-->[androidx.profileinstaller:profileinstaller:1.4.0] AndroidManifest.xml:44:17-85
206-->[androidx.profileinstaller:profileinstaller:1.4.0] AndroidManifest.xml:44:25-82
207            </intent-filter>
208            <intent-filter>
208-->[androidx.profileinstaller:profileinstaller:1.4.0] AndroidManifest.xml:46:13-48:29
209                <action android:name="androidx.profileinstaller.action.SAVE_PROFILE" />
209-->[androidx.profileinstaller:profileinstaller:1.4.0] AndroidManifest.xml:47:17-88
209-->[androidx.profileinstaller:profileinstaller:1.4.0] AndroidManifest.xml:47:25-85
210            </intent-filter>
211            <intent-filter>
211-->[androidx.profileinstaller:profileinstaller:1.4.0] AndroidManifest.xml:49:13-51:29
212                <action android:name="androidx.profileinstaller.action.BENCHMARK_OPERATION" />
212-->[androidx.profileinstaller:profileinstaller:1.4.0] AndroidManifest.xml:50:17-95
212-->[androidx.profileinstaller:profileinstaller:1.4.0] AndroidManifest.xml:50:25-92
213            </intent-filter>
214        </receiver> <!-- The activities will be merged into the manifest of the hosting app. -->
215        <activity
215-->[com.google.android.play:core-common:2.0.3] AndroidManifest.xml:14:9-18:65
216            android:name="com.google.android.play.core.common.PlayCoreDialogWrapperActivity"
216-->[com.google.android.play:core-common:2.0.3] AndroidManifest.xml:15:13-93
217            android:exported="false"
217-->[com.google.android.play:core-common:2.0.3] AndroidManifest.xml:16:13-37
218            android:stateNotNeeded="true"
218-->[com.google.android.play:core-common:2.0.3] AndroidManifest.xml:17:13-42
219            android:theme="@style/Theme.PlayCore.Transparent" />
219-->[com.google.android.play:core-common:2.0.3] AndroidManifest.xml:18:13-62
220    </application>
221
222</manifest>